<?xml version="1.0" encoding="UTF-8"?>
<!-- Generated by org.testng.reporters.JUnitXMLReporter -->
<testsuite ignored="0" hostname="LAPTOP-JGFDJ3RB" failures="1" tests="2" name="RaghavTest" time="36.575" errors="0" timestamp="2022-01-19T15:21:31 IST">
  <testcase classname="com.actitime.report.VerifyReportsPage" name="verifyReports" time="12.911"/>
  <testcase classname="com.actitime.task.VerifyTaskPage" name="verifyTasks" time="6.692">
    <failure type="java.lang.AssertionError" message="null">
      <![CDATA[java.lang.AssertionError: null
at com.actitime.task.VerifyTaskPage.verifyTasks(VerifyTaskPage.java:26)
at java.base/java.util.ArrayList.forEach(ArrayList.java:1511)
... Removed 29 stack frames]]>
    </failure>
  </testcase> <!-- verifyTasks -->
</testsuite> <!-- RaghavTest -->
